2026-03-28 15:09:35, MOVE, v:1, k:ed@princesa, mode:PICK
2026-03-28 15:22:07, EXEC, v:1, k:ed@princesa, mode:FULL, rate:0, size:39
2026-03-28 15:25:33, EXEC, v:1, k:ed@princesa, mode:FULL, rate:0, size:49
2026-03-28 15:25:58, EXEC, v:1, k:ed@princesa, mode:FULL, rate:0, size:49
2026-03-28 15:27:06, EXEC, v:1, k:ed@princesa, mode:FULL, rate:0, size:55
2026-03-28 15:28:37, EXEC, v:1, k:ed@princesa, mode:FULL, rate:0, size:55
2026-03-28 15:29:18, EXEC, v:1, k:ed@princesa, mode:FULL, rate:0, size:55
2026-03-28 15:30:21, EXEC, v:1, k:ed@princesa, mode:FULL, rate:0, size:55
2026-03-28 15:39:05, EXEC, v:1, k:ed@princesa, mode:FULL, rate:0, size:52
2026-03-28 15:39:51, EXEC, v:1, k:ed@princesa, mode:FULL, rate:0, size:52
2026-03-28 15:41:34, EXEC, v:1, k:ed@princesa, mode:FULL, rate:0, size:52
2026-03-28 15:44:01, EXEC, v:1, k:ed@princesa, mode:FULL, rate:0, size:50
2026-03-28 15:47:05, EXEC, v:1, k:ed@princesa, mode:FULL, rate:0, size:55
2026-03-28 15:47:47, EXEC, v:1, k:ed@princesa, mode:FULL, rate:0, size:55
2026-03-28 15:48:27, EXEC, v:1, k:ed@princesa, mode:FULL, rate:0, size:55
2026-03-28 15:49:31, EXEC, v:1, k:ed@princesa, mode:FULL, rate:0, size:46
2026-03-28 15:52:39, EXEC, v:1, k:ed@princesa, mode:FULL, rate:100, size:63
2026-03-28 15:53:28, EXEC, v:1, k:ed@princesa, mode:FULL, rate:100, size:61
2026-03-28 15:55:05, EXEC, v:1, k:ed@princesa, mode:FULL, rate:0, size:56
2026-03-28 15:58:10, EXEC, v:1, k:ed@princesa, mode:FULL, rate:100, size:60
2026-03-28 15:59:16, SELF, v:1, k:ed@princesa, self:1, rate:100, study:120, concept:1, problem:1, code:1, debug:1, refactor:1
2026-03-28 16:01:49, MOVE, v:1, k:ed@princesa, mode:BACK
2026-03-28 16:02:21, MOVE, v:1, k:ed@apagando, mode:DOWN
2026-03-28 16:02:28, MOVE, v:1, k:ed@apagando, mode:PICK
2026-03-28 16:20:26, EXEC, v:1, k:ed@apagando, mode:FULL, rate:0, size:16
2026-03-28 16:22:48, EXEC, v:1, k:ed@apagando, mode:FULL, rate:0, size:21
2026-03-28 16:25:31, EXEC, v:1, k:ed@apagando, mode:FULL, rate:0, size:23
2026-03-28 16:26:00, EXEC, v:1, k:ed@apagando, mode:FULL, rate:0, size:23
2026-03-28 16:26:33, EXEC, v:1, k:ed@apagando, mode:FULL, rate:0, size:23
2026-03-28 16:26:49, EXEC, v:1, k:ed@apagando, mode:FULL, rate:0, size:23
2026-03-28 16:32:06, EXEC, v:1, k:ed@apagando, mode:FULL, rate:0, size:31
2026-03-28 16:32:40, EXEC, v:1, k:ed@apagando, mode:FULL, rate:0, size:31
2026-03-28 16:33:03, EXEC, v:1, k:ed@apagando, mode:FULL, rate:0, size:31
2026-03-28 16:33:17, EXEC, v:1, k:ed@apagando, mode:FULL, rate:0, size:31
2026-03-28 16:33:45, EXEC, v:1, k:ed@apagando, mode:FULL, size:32, fail:COMP
2026-03-28 16:33:54, EXEC, v:1, k:ed@apagando, mode:FULL, rate:0, size:32
2026-03-28 16:34:04, EXEC, v:1, k:ed@apagando, mode:FULL, rate:0, size:33
2026-03-28 16:34:39, EXEC, v:1, k:ed@apagando, mode:FULL, rate:0, size:33
2026-03-28 16:34:51, EXEC, v:1, k:ed@apagando, mode:FULL, rate:0, size:33
2026-03-28 16:34:58, EXEC, v:1, k:ed@apagando, mode:FULL, rate:0, size:33
2026-03-28 16:35:04, EXEC, v:1, k:ed@apagando, mode:FULL, rate:0, size:33
2026-03-28 16:35:28, EXEC, v:1, k:ed@apagando, mode:FULL, rate:0, size:33
2026-03-28 16:36:11, EXEC, v:1, k:ed@apagando, mode:FULL, rate:0, size:33
2026-03-28 16:37:22, EXEC, v:1, k:ed@apagando, mode:FULL, size:28, fail:COMP
2026-03-28 16:37:30, EXEC, v:1, k:ed@apagando, mode:FULL, rate:0, size:27
2026-03-28 16:37:40, EXEC, v:1, k:ed@apagando, mode:FULL, rate:0, size:27
2026-03-28 16:43:31, EXEC, v:1, k:ed@apagando, mode:FULL, rate:0, size:35
2026-03-28 16:45:09, EXEC, v:1, k:ed@apagando, mode:FULL, rate:0
2026-03-28 16:46:16, EXEC, v:1, k:ed@apagando, mode:FULL, rate:0, size:35
2026-03-28 16:47:05, EXEC, v:1, k:ed@apagando, mode:FULL, rate:0, size:36
2026-03-28 16:48:05, EXEC, v:1, k:ed@apagando, mode:FULL, size:30, fail:COMP
2026-03-28 16:48:21, EXEC, v:1, k:ed@apagando, mode:FULL, rate:0, size:29
2026-03-28 16:51:50, EXEC, v:1, k:ed@apagando, mode:FULL, rate:100, size:38
2026-03-28 16:52:33, SELF, v:1, k:ed@apagando, self:1, rate:100, study:30, concept:1
2026-03-28 16:53:29, MOVE, v:1, k:ed@apagando, mode:BACK
2026-03-28 16:53:39, MOVE, v:1, k:ed@princesa, mode:PICK
2026-03-28 16:54:01, EXEC, v:1, k:ed@princesa, mode:LOCK, rate:100, size:61
2026-03-28 16:54:52, MOVE, v:1, k:ed@princesa, mode:BACK
