2026-05-24 17:59:12, MOVE, v:1, k:ed@lista_d3, mode:PICK
2026-05-24 17:59:15, EXEC, v:1, k:ed@lista_d3, mode:FULL, rate:0
2026-05-24 18:03:38, MOVE, v:1, k:ed@lista_d3, mode:EDIT
2026-05-24 18:06:29, MOVE, v:1, k:ed@lista_d3, mode:EDIT
2026-05-24 18:43:14, MOVE, v:1, k:ed@lista_d3, mode:EDIT
2026-05-24 18:47:20, MOVE, v:1, k:ed@lista_d3, mode:EDIT
2026-05-24 19:08:42, MOVE, v:1, k:ed@lista_d3, mode:EDIT
2026-05-24 19:09:09, EXEC, v:1, k:ed@lista_d3, mode:FULL, rate:0, size:119
2026-05-24 19:10:43, EXEC, v:1, k:ed@lista_d3, mode:FULL, rate:0, size:119
2026-05-24 19:11:10, EXEC, v:1, k:ed@lista_d3, mode:FULL, rate:25, size:119
2026-05-24 19:13:35, MOVE, v:1, k:ed@lista_d3, mode:EDIT
2026-05-24 19:16:49, MOVE, v:1, k:ed@lista_d3, mode:BACK
2026-05-24 19:17:16, MOVE, v:1, k:ed@multiset, mode:PICK
2026-05-24 19:17:17, EXEC, v:1, k:ed@multiset, mode:FULL, rate:100
2026-05-24 19:17:21, MOVE, v:1, k:ed@multiset, mode:BACK
2026-05-24 19:18:42, MOVE, v:1, k:ed@lista_d3, mode:EDIT
2026-05-24 19:20:27, MOVE, v:1, k:ed@lista_d3, mode:EDIT
2026-05-24 19:28:40, MOVE, v:1, k:ed@lista_d3, mode:EDIT
2026-05-24 19:33:42, MOVE, v:1, k:ed@lista_d3, mode:EDIT
2026-05-24 19:35:49, MOVE, v:1, k:ed@lista_d3, mode:PICK
2026-05-24 19:35:51, EXEC, v:1, k:ed@lista_d3, mode:FULL, rate:25, size:136
2026-05-24 19:36:55, MOVE, v:1, k:ed@lista_d3, mode:PICK
2026-05-24 19:36:57, EXEC, v:1, k:ed@lista_d3, mode:FULL, rate:25
2026-05-24 19:40:25, EXEC, v:1, k:ed@lista_d3, mode:FULL, rate:50, size:147
2026-05-24 19:41:00, MOVE, v:1, k:ed@lista_d3, mode:EDIT
2026-05-24 19:46:37, MOVE, v:1, k:ed@lista_d3, mode:EDIT
2026-05-24 19:51:31, MOVE, v:1, k:ed@lista_d3, mode:EDIT
2026-05-24 19:53:32, EXEC, v:1, k:ed@lista_d3, mode:FULL, rate:75, size:169
2026-05-24 19:56:54, MOVE, v:1, k:ed@lista_d3, mode:EDIT
2026-05-24 20:01:47, MOVE, v:1, k:ed@lista_d3, mode:EDIT
2026-05-24 20:06:00, EXEC, v:1, k:ed@lista_d3, mode:FULL, rate:75, size:195
2026-05-24 20:06:43, EXEC, v:1, k:ed@lista_d3, mode:FULL, rate:100, size:195
2026-05-24 20:06:40, MOVE, v:1, k:ed@lista_d3, mode:EDIT
2026-05-24 20:07:15, SELF, v:1, k:ed@lista_d3, self:1, rate:100, study:90, concept:1, problem:1
2026-05-24 20:07:16, MOVE, v:1, k:ed@lista_d3, mode:BACK
2026-05-24 20:18:13, MOVE, v:1, k:ed@editor, mode:PICK
2026-05-24 20:18:14, EXEC, v:1, k:ed@editor, mode:FULL, rate:0, size:5
2026-05-24 20:45:12, MOVE, v:1, k:ed@editorint, mode:PICK
2026-05-24 20:45:15, EXEC, v:1, k:ed@editorint, mode:LOCK, rate:0, size:386
2026-05-24 20:45:22, EXEC, v:1, k:ed@editorint, mode:FREE
2026-05-24 20:45:52, MOVE, v:1, k:ed@editorint, mode:PICK
2026-05-24 20:47:02, SELF, v:1, k:ed@editorint, self:1, rate:100, study:180, problem:1, debug:1
2026-05-24 20:47:05, MOVE, v:1, k:ed@editorint, mode:BACK
