2026-03-15 13:27:54, MOVE, v:1, k:ed@pintando, mode:DOWN
2026-03-15 13:28:48, MOVE, v:1, k:ed@pintando, mode:PICK
2026-03-15 13:50:25, EXEC, v:1, k:ed@pintando, mode:FREE, size:15
2026-03-15 13:53:41, EXEC, v:1, k:ed@pintando, mode:FREE
2026-03-15 13:53:57, MOVE, v:1, k:ed@pintando, mode:PICK
2026-03-15 13:54:12, EXEC, v:1, k:ed@pintando, mode:FULL, rate:0
2026-03-15 13:54:44, EXEC, v:1, k:ed@pintando, mode:FULL, rate:0, size:15
2026-03-15 13:55:18, EXEC, v:1, k:ed@pintando, mode:FULL, rate:100, size:16
2026-03-15 13:55:39, EXEC, v:1, k:ed@pintando, mode:FULL, rate:100
2026-03-15 13:55:40, EXEC, v:1, k:ed@pintando, mode:FULL, rate:100
2026-03-15 13:56:05, EXEC, v:1, k:ed@pintando, mode:FULL, rate:100
2026-03-15 13:56:10, EXEC, v:1, k:ed@pintando, mode:FREE
2026-03-15 13:56:19, EXEC, v:1, k:ed@pintando, mode:FULL, rate:100
2026-03-15 13:56:20, MOVE, v:1, k:ed@pintando, mode:BACK
2026-03-15 13:56:20, MOVE, v:1, k:ed@pintando, mode:PICK
2026-03-15 13:56:21, MOVE, v:1, k:ed@pintando, mode:BACK
2026-03-15 13:56:24, MOVE, v:1, k:ed@pintando, mode:PICK
2026-03-15 13:56:39, EXEC, v:1, k:ed@pintando, mode:FULL, rate:100
2026-03-15 13:56:44, EXEC, v:1, k:ed@pintando, mode:LOCK, rate:100
2026-03-15 13:56:46, EXEC, v:1, k:ed@pintando, mode:FULL, rate:100
2026-03-15 13:57:10, EXEC, v:1, k:ed@pintando, mode:LOCK, rate:100
2026-03-15 13:57:11, EXEC, v:1, k:ed@pintando, mode:LOCK, rate:100
2026-03-15 13:57:16, EXEC, v:1, k:ed@pintando, mode:LOCK, rate:100
2026-03-15 13:57:22, EXEC, v:1, k:ed@pintando, mode:FULL, rate:100
2026-03-15 14:06:13, MOVE, v:1, k:ed@pintando, mode:BACK
2026-03-15 14:06:50, MOVE, v:1, k:ed@mumia, mode:DOWN
2026-03-15 14:23:11, MOVE, v:1, k:ed@mumia, mode:PICK
2026-03-15 14:23:23, EXEC, v:1, k:ed@mumia, mode:FULL, rate:0, size:32
2026-03-15 14:24:15, EXEC, v:1, k:ed@mumia, mode:FULL, rate:100, size:33
2026-03-15 14:29:03, MOVE, v:1, k:ed@mumia, mode:PICK
2026-03-15 14:29:17, EXEC, v:1, k:ed@mumia, mode:LOCK, rate:100
2026-03-15 14:29:24, EXEC, v:1, k:ed@mumia, mode:LOCK, rate:100
2026-03-15 14:29:31, EXEC, v:1, k:ed@mumia, mode:LOCK, rate:100
2026-03-15 14:29:36, EXEC, v:1, k:ed@mumia, mode:LOCK, rate:100
2026-03-15 14:29:38, EXEC, v:1, k:ed@mumia, mode:LOCK, rate:100
2026-03-15 14:29:42, EXEC, v:1, k:ed@mumia, mode:LOCK, rate:100
2026-03-15 14:29:46, EXEC, v:1, k:ed@mumia, mode:LOCK, rate:100
2026-03-15 14:29:54, EXEC, v:1, k:ed@mumia, mode:LOCK, rate:100
2026-03-15 14:29:57, EXEC, v:1, k:ed@mumia, mode:LOCK, rate:100
2026-03-15 14:30:00, EXEC, v:1, k:ed@mumia, mode:LOCK, rate:100
2026-03-15 14:30:05, EXEC, v:1, k:ed@mumia, mode:LOCK, rate:100
2026-03-15 14:30:15, MOVE, v:1, k:ed@mumia, mode:BACK
2026-03-15 14:30:24, MOVE, v:1, k:ed@mumia, mode:PICK
2026-03-15 14:30:31, MOVE, v:1, k:ed@mumia, mode:BACK
2026-03-15 14:30:32, MOVE, v:1, k:ed@mumia, mode:PICK
2026-03-15 14:30:49, EXEC, v:1, k:ed@mumia, mode:FULL, rate:100
2026-03-15 14:30:52, EXEC, v:1, k:ed@mumia, mode:FULL, rate:100
2026-03-15 14:30:59, MOVE, v:1, k:ed@mumia, mode:BACK
2026-03-15 14:31:01, MOVE, v:1, k:ed@fuga, mode:DOWN
2026-03-15 14:32:58, MOVE, v:1, k:ed@fuga, mode:PICK
2026-03-15 14:49:25, EXEC, v:1, k:ed@fuga, mode:FULL, rate:50, size:27
2026-03-15 14:49:58, EXEC, v:1, k:ed@fuga, mode:FULL, rate:40, size:27
2026-03-15 14:50:12, EXEC, v:1, k:ed@fuga, mode:FULL, rate:40, size:27
2026-03-15 14:53:43, EXEC, v:1, k:ed@fuga, mode:FULL, rate:60, size:27
2026-03-15 14:54:13, EXEC, v:1, k:ed@fuga, mode:FULL, rate:50, size:27
2026-03-15 14:58:54, EXEC, v:1, k:ed@fuga, mode:FULL, rate:50, size:28
2026-03-15 15:06:10, EXEC, v:1, k:ed@fuga, mode:FULL, rate:40, size:18
2026-03-15 15:07:24, EXEC, v:1, k:ed@fuga, mode:FULL, rate:50, size:20
2026-03-15 15:09:32, EXEC, v:1, k:ed@fuga, mode:FULL, rate:50, size:21
2026-03-15 15:09:53, EXEC, v:1, k:ed@fuga, mode:FULL, rate:60, size:21
2026-03-15 15:12:26, EXEC, v:1, k:ed@fuga, mode:FULL, rate:60, size:24
2026-03-15 15:13:19, EXEC, v:1, k:ed@fuga, mode:FULL, rate:70, size:24
2026-03-15 15:15:11, EXEC, v:1, k:ed@fuga, mode:FULL, rate:80, size:26
2026-03-15 15:17:03, EXEC, v:1, k:ed@fuga, mode:FULL, rate:90, size:26
2026-03-15 15:19:04, EXEC, v:1, k:ed@fuga, mode:FULL, rate:100, size:26
2026-03-15 15:21:54, MOVE, v:1, k:ed@fuga, mode:BACK
2026-03-15 15:30:08, MOVE, v:1, k:ed@fuga, mode:PICK
2026-03-15 15:33:35, MOVE, v:1, k:ed@fuga, mode:BACK
