2026-04-19 09:54:20, MOVE, v:1, k:ed@eh_primo, mode:DOWN
2026-04-19 09:54:22, MOVE, v:1, k:ed@eh_primo, mode:PICK
2026-04-19 09:54:20, MOVE, v:1, k:ed@eh_primo, mode:EDIT
2026-04-19 09:54:20, MOVE, v:1, k:ed@eh_primo, mode:EDIT
2026-04-19 09:56:04, MOVE, v:1, k:ed@eh_primo, mode:EDIT
2026-04-19 09:56:47, EXEC, v:1, k:ed@eh_primo, mode:FULL, rate:0, size:22
2026-04-19 09:58:33, EXEC, v:1, k:ed@eh_primo, mode:FULL, rate:44, size:23
2026-04-19 09:59:18, EXEC, v:1, k:ed@eh_primo, mode:FULL, rate:22, size:23
2026-04-19 10:00:00, MOVE, v:1, k:ed@eh_primo, mode:EDIT
2026-04-19 10:03:17, EXEC, v:1, k:ed@eh_primo, mode:FULL, rate:0, size:25
2026-04-19 10:05:04, EXEC, v:1, k:ed@eh_primo, mode:FULL, rate:77, size:25
2026-04-19 10:05:03, MOVE, v:1, k:ed@eh_primo, mode:EDIT
2026-04-19 10:11:58, EXEC, v:1, k:ed@eh_primo, mode:FULL, rate:88, size:25
2026-04-19 10:12:49, EXEC, v:1, k:ed@eh_primo, mode:FULL, rate:88, size:25
2026-04-19 10:13:57, EXEC, v:1, k:ed@eh_primo, mode:FULL, rate:11, size:25
2026-04-19 10:14:13, EXEC, v:1, k:ed@eh_primo, mode:FULL, rate:88, size:25
2026-04-19 10:15:08, EXEC, v:1, k:ed@eh_primo, mode:FULL, rate:100, size:28
2026-04-19 10:15:07, MOVE, v:1, k:ed@eh_primo, mode:EDIT
2026-04-19 10:18:27, MOVE, v:1, k:ed@eh_primo, mode:EDIT
2026-04-19 10:21:26, EXEC, v:1, k:ed@eh_primo, mode:FULL, rate:100, size:28
2026-04-19 10:24:39, EXEC, v:1, k:ed@eh_primo, mode:FULL, rate:88, size:25
2026-04-19 10:24:54, EXEC, v:1, k:ed@eh_primo, mode:FULL, rate:100, size:28
2026-04-19 10:25:12, SELF, v:1, k:ed@eh_primo, self:1, rate:100, study:40, concept:1
2026-04-19 10:24:52, MOVE, v:1, k:ed@eh_primo, mode:EDIT
2026-04-19 10:53:48, MOVE, v:1, k:ed@eh_primo, mode:BACK
2026-04-19 10:55:24, MOVE, v:1, k:ed@fractais_png, mode:PICK
2026-04-19 10:55:29, EXEC, v:1, k:ed@fractais_png, mode:FULL, size:98, fail:COMP
2026-04-19 11:04:11, EXEC, v:1, k:ed@fractais_png, mode:LOCK, rate:0
2026-04-19 11:04:11, MOVE, v:1, k:ed@fractais_png, mode:EDIT
2026-04-19 11:13:05, EXEC, v:1, k:ed@fractais_png, mode:LOCK, rate:0, size:120
2026-04-19 11:13:23, EXEC, v:1, k:ed@fractais_png, mode:LOCK, rate:0, size:120
2026-04-19 11:13:57, EXEC, v:1, k:ed@fractais_png, mode:LOCK, rate:0, size:120
2026-04-19 11:14:27, EXEC, v:1, k:ed@fractais_png, mode:LOCK, rate:0, size:120
2026-04-19 11:14:24, MOVE, v:1, k:ed@fractais_png, mode:EDIT
2026-04-19 11:13:05, MOVE, v:1, k:ed@fractais_png, mode:EDIT
2026-04-19 11:14:27, MOVE, v:1, k:ed@fractais_png, mode:EDIT
2026-04-19 11:16:30, EXEC, v:1, k:ed@fractais_png, mode:LOCK, rate:0, size:123
2026-04-19 11:16:52, EXEC, v:1, k:ed@fractais_png, mode:LOCK, rate:0, size:123
2026-04-19 11:17:11, EXEC, v:1, k:ed@fractais_png, mode:LOCK, rate:0, size:123
2026-04-19 11:17:09, MOVE, v:1, k:ed@fractais_png, mode:EDIT
2026-04-19 11:17:11, MOVE, v:1, k:ed@fractais_png, mode:EDIT
2026-04-19 11:24:23, MOVE, v:1, k:ed@fractais_png, mode:EDIT
2026-04-19 11:24:58, EXEC, v:1, k:ed@fractais_png, mode:LOCK, rate:0, size:123
2026-04-19 11:25:51, EXEC, v:1, k:ed@fractais_png, mode:LOCK, rate:0, size:123
2026-04-19 11:26:58, EXEC, v:1, k:ed@fractais_png, mode:LOCK, rate:0, size:124
2026-04-19 11:27:05, EXEC, v:1, k:ed@fractais_png, mode:LOCK, rate:0, size:124
2026-04-19 11:27:04, MOVE, v:1, k:ed@fractais_png, mode:EDIT
2026-04-19 11:27:05, MOVE, v:1, k:ed@fractais_png, mode:EDIT
2026-04-19 11:39:02, EXEC, v:1, k:ed@fractais_png, mode:LOCK, rate:0, size:124
2026-04-19 11:39:27, EXEC, v:1, k:ed@fractais_png, mode:LOCK, rate:0, size:124
2026-04-19 11:39:26, MOVE, v:1, k:ed@fractais_png, mode:EDIT
2026-04-19 11:39:27, MOVE, v:1, k:ed@fractais_png, mode:EDIT
2026-04-19 11:39:38, EXEC, v:1, k:ed@fractais_png, mode:LOCK, rate:0, size:124
2026-04-19 11:39:49, EXEC, v:1, k:ed@fractais_png, mode:LOCK, rate:0, size:124
2026-04-19 11:44:11, MOVE, v:1, k:ed@fractais_png, mode:EDIT
2026-04-19 11:39:49, MOVE, v:1, k:ed@fractais_png, mode:EDIT
2026-04-19 11:48:26, EXEC, v:1, k:ed@fractais_png, mode:LOCK, rate:0, size:129
2026-04-19 11:48:52, EXEC, v:1, k:ed@fractais_png, mode:LOCK, rate:0, size:129
2026-04-19 11:49:26, EXEC, v:1, k:ed@fractais_png, mode:LOCK, rate:0
2026-04-19 11:48:46, MOVE, v:1, k:ed@fractais_png, mode:EDIT
2026-04-19 11:49:26, MOVE, v:1, k:ed@fractais_png, mode:EDIT
2026-04-19 11:51:45, EXEC, v:1, k:ed@fractais_png, mode:LOCK, rate:0, size:129
2026-04-19 11:52:06, EXEC, v:1, k:ed@fractais_png, mode:LOCK, rate:0, size:129
2026-04-19 11:52:18, EXEC, v:1, k:ed@fractais_png, mode:LOCK, rate:0, size:129
2026-04-19 11:52:30, EXEC, v:1, k:ed@fractais_png, mode:LOCK, rate:0, size:129
2026-04-19 11:52:42, EXEC, v:1, k:ed@fractais_png, mode:LOCK, rate:0, size:129
2026-04-19 11:52:53, EXEC, v:1, k:ed@fractais_png, mode:LOCK, rate:0, size:129
2026-04-19 11:53:03, EXEC, v:1, k:ed@fractais_png, mode:LOCK, rate:0, size:129
2026-04-19 11:54:26, MOVE, v:1, k:ed@fractais_png, mode:EDIT
2026-04-19 11:53:03, MOVE, v:1, k:ed@fractais_png, mode:EDIT
2026-04-19 11:54:35, EXEC, v:1, k:ed@fractais_png, mode:LOCK, rate:0, size:130
2026-04-19 11:55:16, EXEC, v:1, k:ed@fractais_png, mode:LOCK, rate:0, size:130
2026-04-19 11:56:00, EXEC, v:1, k:ed@fractais_png, mode:LOCK, rate:0, size:130
2026-04-19 11:56:10, EXEC, v:1, k:ed@fractais_png, mode:LOCK, rate:0, size:130
2026-04-19 11:56:22, EXEC, v:1, k:ed@fractais_png, mode:LOCK, rate:0, size:130
2026-04-19 11:56:36, EXEC, v:1, k:ed@fractais_png, mode:LOCK, rate:0, size:130
2026-04-19 11:56:33, MOVE, v:1, k:ed@fractais_png, mode:EDIT
2026-04-19 11:56:36, MOVE, v:1, k:ed@fractais_png, mode:EDIT
