2026-03-23 09:54:58, MOVE, v:1, k:ed@princesa, mode:DOWN
2026-03-23 10:10:57, MOVE, v:1, k:ed@princesa, mode:PICK
2026-03-23 10:16:50, EXEC, v:1, k:ed@princesa, mode:FULL, rate:0, size:21
2026-03-23 10:17:34, MOVE, v:1, k:ed@princesa, mode:PICK
2026-03-23 10:17:37, EXEC, v:1, k:ed@princesa, mode:FULL, rate:0
2026-03-23 10:18:21, EXEC, v:1, k:ed@princesa, mode:FULL, rate:0, size:21
2026-03-23 10:38:41, EXEC, v:1, k:ed@princesa, mode:FULL, size:31, fail:COMP
2026-03-23 10:38:58, EXEC, v:1, k:ed@princesa, mode:FULL, size:32, fail:COMP
2026-03-23 10:40:22, EXEC, v:1, k:ed@princesa, mode:FULL, rate:0, size:29
2026-03-23 10:43:41, MOVE, v:1, k:ed@princesa, mode:PICK
2026-03-23 10:43:47, EXEC, v:1, k:ed@princesa, mode:FULL, size:30, fail:COMP
2026-03-23 10:44:56, EXEC, v:1, k:ed@princesa, mode:FULL, rate:0, size:43
2026-03-23 16:26:19, MOVE, v:1, k:ed@princesa, mode:PICK
2026-03-23 16:26:21, EXEC, v:1, k:ed@princesa, mode:FULL, rate:0, size:33
2026-03-23 16:28:24, EXEC, v:1, k:ed@princesa, mode:FULL, rate:0, size:34
2026-03-23 16:30:28, EXEC, v:1, k:ed@princesa, mode:FULL, rate:0, size:34
2026-03-23 16:31:17, EXEC, v:1, k:ed@princesa, mode:FULL, rate:0, size:34
2026-03-23 16:31:57, EXEC, v:1, k:ed@princesa, mode:FULL, rate:0, size:35
2026-03-23 16:32:10, EXEC, v:1, k:ed@princesa, mode:FULL, rate:0, size:35
2026-03-23 16:34:56, EXEC, v:1, k:ed@princesa, mode:FULL, rate:0, size:35
2026-03-23 16:35:14, EXEC, v:1, k:ed@princesa, mode:FULL, rate:0, size:35
2026-03-23 16:35:49, EXEC, v:1, k:ed@princesa, mode:FULL, rate:0, size:35
2026-03-23 16:58:46, EXEC, v:1, k:ed@princesa, mode:FULL, rate:0, size:53
2026-03-23 16:59:17, EXEC, v:1, k:ed@princesa, mode:FULL, rate:0, size:53
2026-03-23 16:59:41, EXEC, v:1, k:ed@princesa, mode:FULL, rate:0, size:53
