2026-05-04 15:51:09, MOVE, v:1, k:ed@editor, mode:DOWN
2026-05-04 15:51:11, MOVE, v:1, k:ed@editor, mode:PICK
2026-05-04 15:52:02, MOVE, v:1, k:ed@editor, mode:BACK
2026-05-04 15:52:09, MOVE, v:1, k:ed@editorint, mode:DOWN
2026-05-04 15:52:10, MOVE, v:1, k:ed@editorint, mode:PICK
2026-05-04 15:52:11, EXEC, v:1, k:ed@editorint, mode:FULL, size:259, fail:COMP
2026-05-04 15:52:13, EXEC, v:1, k:ed@editorint, mode:FULL, fail:COMP
2026-05-04 15:51:09, MOVE, v:1, k:ed@editor, mode:EDIT
2026-05-04 15:51:09, MOVE, v:1, k:ed@editor, mode:EDIT
2026-05-04 15:51:09, MOVE, v:1, k:ed@editor, mode:EDIT
2026-05-04 15:52:09, MOVE, v:1, k:ed@editorint, mode:EDIT
2026-05-04 15:52:09, MOVE, v:1, k:ed@editorint, mode:EDIT
2026-05-04 15:52:09, MOVE, v:1, k:ed@editorint, mode:EDIT
2026-05-04 15:52:09, MOVE, v:1, k:ed@editorint, mode:EDIT
2026-05-04 15:52:09, MOVE, v:1, k:ed@editorint, mode:EDIT
2026-05-04 16:05:16, MOVE, v:1, k:ed@editorint, mode:PICK
2026-05-04 16:05:22, EXEC, v:1, k:ed@editorint, mode:LOCK, rate:0
2026-05-04 16:05:32, EXEC, v:1, k:ed@editorint, mode:FREE
2026-05-04 16:05:49, EXEC, v:1, k:ed@editorint, mode:LOCK, rate:0
2026-05-04 16:06:03, EXEC, v:1, k:ed@editorint, mode:LOCK, rate:0
2026-05-04 16:06:07, EXEC, v:1, k:ed@editorint, mode:LOCK, rate:0
2026-05-04 16:06:08, EXEC, v:1, k:ed@editorint, mode:FREE
2026-05-04 16:06:55, EXEC, v:1, k:ed@editorint, mode:FREE
2026-05-04 16:07:01, EXEC, v:1, k:ed@editorint, mode:LOCK, rate:0
2026-05-04 16:07:08, MOVE, v:1, k:ed@editorint, mode:BACK
2026-05-04 16:07:11, MOVE, v:1, k:ed@editorint, mode:PICK
2026-05-04 16:07:36, MOVE, v:1, k:ed@editorint, mode:BACK
