2026-04-25 14:32:35, MOVE, v:1, k:ed@fractais_png, mode:PICK
2026-04-25 14:33:10, SELF, v:1, k:ed@fractais_png, self:1, study:120
2026-04-25 14:33:15, MOVE, v:1, k:ed@fractais_png, mode:BACK
2026-04-25 14:33:33, MOVE, v:1, k:ed@vetequals, mode:DOWN
2026-04-25 14:34:35, MOVE, v:1, k:ed@vetequals, mode:PICK
2026-04-25 14:34:37, EXEC, v:1, k:ed@vetequals, mode:FULL, rate:70, size:49
2026-04-25 14:33:32, MOVE, v:1, k:ed@vetequals, mode:EDIT
2026-04-25 14:33:32, MOVE, v:1, k:ed@vetequals, mode:EDIT
2026-04-25 14:33:33, MOVE, v:1, k:ed@vetequals, mode:EDIT
2026-04-25 14:39:28, EXEC, v:1, k:ed@vetequals, mode:FULL, rate:70
2026-04-25 14:43:27, EXEC, v:1, k:ed@vetequals, mode:FULL, rate:70
2026-04-25 14:45:11, EXEC, v:1, k:ed@vetequals, mode:FULL, rate:70
2026-04-25 14:45:35, EXEC, v:1, k:ed@vetequals, mode:FULL, rate:70
2026-04-25 14:46:08, EXEC, v:1, k:ed@vetequals, mode:FULL, rate:100, size:53
2026-04-25 14:46:33, SELF, v:1, k:ed@vetequals, self:1, rate:100, study:30, concept:1
2026-04-25 14:46:37, MOVE, v:1, k:ed@vetequals, mode:BACK
2026-04-25 15:03:05, MOVE, v:1, k:ed@vetbuild, mode:DOWN
2026-04-25 15:03:05, MOVE, v:1, k:ed@vetbuild, mode:EDIT
2026-04-25 15:03:05, MOVE, v:1, k:ed@vetbuild, mode:EDIT
2026-04-25 15:03:05, MOVE, v:1, k:ed@vetbuild, mode:EDIT
2026-04-25 15:03:05, MOVE, v:1, k:ed@vetbuild, mode:EDIT
2026-04-25 15:09:03, MOVE, v:1, k:ed@vetbuild, mode:PICK
2026-04-25 15:09:35, MOVE, v:1, k:ed@vetbuild, mode:EDIT
2026-04-25 15:12:09, MOVE, v:1, k:ed@vetbuild, mode:EDIT
2026-04-25 15:25:01, MOVE, v:1, k:ed@vetbuild, mode:EDIT
2026-04-25 15:26:30, EXEC, v:1, k:ed@vetbuild, mode:FULL, rate:0, size:138
2026-04-25 15:26:56, EXEC, v:1, k:ed@vetbuild, mode:FULL, rate:0, size:138
2026-04-25 15:26:52, MOVE, v:1, k:ed@vetbuild, mode:EDIT
2026-04-25 15:49:00, EXEC, v:1, k:ed@vetbuild, mode:FULL, rate:0, size:141
2026-04-25 15:49:16, EXEC, v:1, k:ed@vetbuild, mode:FULL, rate:0, size:141
2026-04-25 15:50:10, MOVE, v:1, k:ed@vetbuild, mode:EDIT
2026-04-25 15:50:14, EXEC, v:1, k:ed@vetbuild, mode:FULL, rate:18, size:141
