2026-04-03 15:42:33, MOVE, v:1, k:ed@princesa, mode:PICK
2026-04-03 15:42:41, EXEC, v:1, k:ed@princesa, mode:FULL, rate:0, size:31
2026-04-03 15:42:43, EXEC, v:1, k:ed@princesa, mode:FULL, rate:0
2026-04-03 15:50:39, EXEC, v:1, k:ed@princesa, mode:FULL, rate:0, size:47
2026-04-03 15:51:36, EXEC, v:1, k:ed@princesa, mode:FULL, rate:0, size:47
2026-04-03 15:51:52, EXEC, v:1, k:ed@princesa, mode:FULL, rate:0, size:47
2026-04-03 15:53:41, EXEC, v:1, k:ed@princesa, mode:FULL, rate:0, size:48
2026-04-03 15:54:24, EXEC, v:1, k:ed@princesa, mode:FULL, rate:100, size:49
2026-04-03 15:54:50, SELF, v:1, k:ed@princesa, self:1, rate:100, study:120, guided:1, concept:1, problem:1, code:1, debug:1, refactor:1
2026-04-03 15:56:03, MOVE, v:1, k:ed@princesa, mode:BACK
2026-04-03 15:56:20, MOVE, v:1, k:ed@manipulacao, mode:PICK
2026-04-03 16:01:45, EXEC, v:1, k:ed@manipulacao, mode:FULL, rate:0, size:112
2026-04-03 16:03:18, EXEC, v:1, k:ed@manipulacao, mode:FULL, rate:0, size:112
2026-04-03 16:05:00, EXEC, v:1, k:ed@manipulacao, mode:FULL, rate:0, size:115
2026-04-03 16:06:27, EXEC, v:1, k:ed@manipulacao, mode:FULL, rate:0, size:112
2026-04-03 16:07:19, EXEC, v:1, k:ed@manipulacao, mode:FULL, rate:0
2026-04-03 16:07:34, MOVE, v:1, k:ed@manipulacao, mode:PICK
2026-04-03 16:07:36, EXEC, v:1, k:ed@manipulacao, mode:FULL, rate:0
2026-04-03 16:08:59, EXEC, v:1, k:ed@manipulacao, mode:FULL, rate:14, size:112
2026-04-03 16:12:15, EXEC, v:1, k:ed@manipulacao, mode:FULL, rate:14, size:117
2026-04-03 16:13:16, EXEC, v:1, k:ed@manipulacao, mode:FULL, rate:28, size:115
2026-04-03 16:16:03, EXEC, v:1, k:ed@manipulacao, mode:FULL, rate:42, size:116
2026-04-03 16:19:10, MOVE, v:1, k:ed@manipulacao, mode:PICK
2026-04-03 16:19:11, EXEC, v:1, k:ed@manipulacao, mode:FULL, rate:42, size:116
2026-04-03 16:20:30, EXEC, v:1, k:ed@manipulacao, mode:FULL, rate:42, size:121
2026-04-03 16:22:49, EXEC, v:1, k:ed@manipulacao, mode:FULL, rate:42, size:126
2026-04-03 16:25:55, EXEC, v:1, k:ed@manipulacao, mode:FULL, rate:42, size:128
2026-04-03 16:26:45, EXEC, v:1, k:ed@manipulacao, mode:FULL, rate:42, size:129
2026-04-03 16:27:16, EXEC, v:1, k:ed@manipulacao, mode:FULL, rate:42, size:127
2026-04-03 16:27:51, MOVE, v:1, k:ed@manipulacao, mode:PICK
2026-04-03 16:27:54, EXEC, v:1, k:ed@manipulacao, mode:FULL, rate:42, size:129
2026-04-03 16:35:22, MOVE, v:1, k:ed@manipulacao, mode:PICK
2026-04-03 16:35:23, EXEC, v:1, k:ed@manipulacao, mode:FULL, size:141, fail:COMP
2026-04-03 16:35:31, EXEC, v:1, k:ed@manipulacao, mode:FULL, rate:42, size:141
2026-04-03 16:35:47, EXEC, v:1, k:ed@manipulacao, mode:FULL, size:130, fail:COMP
2026-04-03 16:35:58, EXEC, v:1, k:ed@manipulacao, mode:FULL, rate:42, size:129
2026-04-03 16:36:25, MOVE, v:1, k:ed@manipulacao, mode:PICK
2026-04-03 16:36:27, EXEC, v:1, k:ed@manipulacao, mode:FULL, rate:42
2026-04-03 16:42:35, EXEC, v:1, k:ed@manipulacao, mode:FULL, rate:42, size:136
2026-04-03 16:46:24, EXEC, v:1, k:ed@manipulacao, mode:FULL, rate:42, size:137
2026-04-03 16:48:52, EXEC, v:1, k:ed@manipulacao, mode:FULL, rate:42, size:139
2026-04-03 16:50:25, EXEC, v:1, k:ed@manipulacao, mode:FULL, rate:57, size:146
2026-04-03 16:51:17, EXEC, v:1, k:ed@manipulacao, mode:FULL, rate:57, size:148
2026-04-03 16:52:18, EXEC, v:1, k:ed@manipulacao, mode:FULL, rate:57, size:146
2026-04-03 16:52:45, EXEC, v:1, k:ed@manipulacao, mode:FULL, rate:57, size:147
2026-04-03 16:53:16, EXEC, v:1, k:ed@manipulacao, mode:FULL, rate:57, size:146
2026-04-03 21:26:58, MOVE, v:1, k:ed@manipulacao, mode:PICK
2026-04-03 21:27:00, EXEC, v:1, k:ed@manipulacao, mode:FULL, size:147, fail:COMP
2026-04-03 21:27:37, EXEC, v:1, k:ed@manipulacao, mode:FULL, rate:57, size:146
2026-04-03 21:29:16, EXEC, v:1, k:ed@manipulacao, mode:FULL, rate:57, size:159
2026-04-03 21:33:36, EXEC, v:1, k:ed@manipulacao, mode:FULL, rate:57, size:155
2026-04-03 21:34:49, EXEC, v:1, k:ed@manipulacao, mode:FULL, rate:57, size:154
2026-04-03 21:39:05, EXEC, v:1, k:ed@manipulacao, mode:FULL, rate:57, size:160
2026-04-03 21:40:23, EXEC, v:1, k:ed@manipulacao, mode:FULL, rate:71, size:159
2026-04-03 21:47:44, EXEC, v:1, k:ed@manipulacao, mode:FULL, rate:71, size:166
2026-04-03 21:49:05, EXEC, v:1, k:ed@manipulacao, mode:FULL, rate:71, size:166
2026-04-03 21:52:01, EXEC, v:1, k:ed@manipulacao, mode:FULL, rate:71, size:168
2026-04-03 21:52:58, EXEC, v:1, k:ed@manipulacao, mode:FULL, rate:71, size:168
2026-04-03 21:54:06, EXEC, v:1, k:ed@manipulacao, mode:FULL, rate:85, size:168
2026-04-03 21:56:36, EXEC, v:1, k:ed@manipulacao, mode:FULL, rate:85, size:177
2026-04-03 21:58:07, EXEC, v:1, k:ed@manipulacao, mode:FULL, rate:85, size:182
2026-04-03 21:58:55, MOVE, v:1, k:ed@manipulacao, mode:PICK
2026-04-03 21:58:56, EXEC, v:1, k:ed@manipulacao, mode:FULL, rate:85
2026-04-03 21:59:40, MOVE, v:1, k:ed@manipulacao, mode:PICK
2026-04-03 21:59:41, EXEC, v:1, k:ed@manipulacao, mode:FULL, rate:85
2026-04-03 22:00:41, EXEC, v:1, k:ed@manipulacao, mode:FULL, rate:85, size:188
2026-04-03 22:01:43, SELF, v:1, k:ed@manipulacao, self:1, rate:85, study:120, concept:1, problem:1
