2026-04-14 10:08:23, MOVE, v:1, k:ed@mdc, mode:DOWN
2026-04-14 10:08:29, MOVE, v:1, k:ed@mdc, mode:PICK
2026-04-14 10:08:23, MOVE, v:1, k:ed@mdc, mode:EDIT
2026-04-14 10:08:23, MOVE, v:1, k:ed@mdc, mode:EDIT
2026-04-14 10:12:22, MOVE, v:1, k:ed@mdc, mode:EDIT
2026-04-14 10:12:44, EXEC, v:1, k:ed@mdc, mode:FULL, rate:20, size:23
2026-04-14 10:13:05, EXEC, v:1, k:ed@mdc, mode:FULL, rate:20, size:23
2026-04-14 10:15:34, EXEC, v:1, k:ed@mdc, mode:FULL, rate:20, size:24
2026-04-14 10:15:54, EXEC, v:1, k:ed@mdc, mode:FULL, rate:0, size:24
2026-04-14 10:16:16, EXEC, v:1, k:ed@mdc, mode:FULL, rate:20, size:24
2026-04-14 10:16:30, EXEC, v:1, k:ed@mdc, mode:FULL, rate:20, size:25
2026-04-14 10:16:46, EXEC, v:1, k:ed@mdc, mode:FULL, rate:0, size:25
2026-04-14 10:16:45, MOVE, v:1, k:ed@mdc, mode:EDIT
2026-04-14 10:18:35, EXEC, v:1, k:ed@mdc, mode:FULL, rate:100, size:25
2026-04-14 10:19:04, SELF, v:1, k:ed@mdc, self:1, rate:100, study:20, concept:1
2026-04-14 10:20:12, MOVE, v:1, k:ed@mdc, mode:BACK
2026-04-14 10:20:20, MOVE, v:1, k:ed@queimada, mode:DOWN
2026-04-14 10:18:33, MOVE, v:1, k:ed@mdc, mode:EDIT
2026-04-14 10:20:20, MOVE, v:1, k:ed@queimada, mode:EDIT
2026-04-14 10:20:20, MOVE, v:1, k:ed@queimada, mode:EDIT
2026-04-14 10:20:20, MOVE, v:1, k:ed@queimada, mode:EDIT
2026-04-14 11:17:22, MOVE, v:1, k:ed@queimada, mode:EDIT
2026-04-14 11:21:21, MOVE, v:1, k:ed@queimada, mode:PICK
2026-04-14 11:21:23, EXEC, v:1, k:ed@queimada, mode:FULL, rate:100, size:50
2026-04-14 11:21:53, SELF, v:1, k:ed@queimada, self:1, rate:100, study:120, guided:1, concept:1
2026-04-14 11:21:17, MOVE, v:1, k:ed@queimada, mode:EDIT
2026-04-14 11:24:03, MOVE, v:1, k:ed@queimada, mode:BACK
2026-04-14 14:07:05, MOVE, v:1, k:ed@labirinto, mode:DOWN
2026-04-14 14:07:08, MOVE, v:1, k:ed@labirinto, mode:PICK
2026-04-14 14:07:05, MOVE, v:1, k:ed@labirinto, mode:EDIT
2026-04-14 14:07:05, MOVE, v:1, k:ed@labirinto, mode:EDIT
2026-04-14 14:11:44, MOVE, v:1, k:ed@labirinto, mode:EDIT
2026-04-14 14:16:45, MOVE, v:1, k:ed@labirinto, mode:EDIT
2026-04-14 14:21:42, MOVE, v:1, k:ed@labirinto, mode:EDIT
2026-04-14 14:26:42, MOVE, v:1, k:ed@labirinto, mode:EDIT
2026-04-14 14:28:48, MOVE, v:1, k:ed@labirinto, mode:EDIT
2026-04-14 14:36:31, MOVE, v:1, k:ed@labirinto, mode:EDIT
2026-04-14 14:36:52, EXEC, v:1, k:ed@labirinto, mode:FULL, rate:0, size:87
2026-04-14 14:41:45, MOVE, v:1, k:ed@labirinto, mode:EDIT
2026-04-14 14:45:27, MOVE, v:1, k:ed@labirinto, mode:EDIT
2026-04-14 14:47:12, EXEC, v:1, k:ed@labirinto, mode:FULL, rate:0, size:93
2026-04-14 14:47:20, EXEC, v:1, k:ed@labirinto, mode:FULL, rate:0, size:92
2026-04-14 14:47:17, MOVE, v:1, k:ed@labirinto, mode:EDIT
2026-04-14 14:52:55, EXEC, v:1, k:ed@labirinto, mode:FULL, size:92, fail:COMP
2026-04-14 14:53:55, EXEC, v:1, k:ed@labirinto, mode:FULL, rate:0, size:93
2026-04-14 14:53:52, MOVE, v:1, k:ed@labirinto, mode:EDIT
2026-04-14 14:58:21, EXEC, v:1, k:ed@labirinto, mode:FULL, size:95, fail:COMP
2026-04-14 14:58:42, EXEC, v:1, k:ed@labirinto, mode:FULL, rate:0, size:95
2026-04-14 14:59:36, EXEC, v:1, k:ed@labirinto, mode:FULL, rate:0, size:96
2026-04-14 15:00:52, MOVE, v:1, k:ed@labirinto, mode:PICK
2026-04-14 15:00:54, EXEC, v:1, k:ed@labirinto, mode:FULL, rate:0
2026-04-14 15:03:16, EXEC, v:1, k:ed@labirinto, mode:FULL, rate:100, size:97
2026-04-14 15:05:07, SELF, v:1, k:ed@labirinto, self:1, rate:100, study:120, concept:1, problem:1
