2026-05-10 11:44:40, MOVE, v:1, k:ed@priminhos, mode:DOWN
2026-05-10 11:44:41, MOVE, v:1, k:ed@priminhos, mode:PICK
2026-05-10 11:44:40, MOVE, v:1, k:ed@priminhos, mode:EDIT
2026-05-10 11:44:40, MOVE, v:1, k:ed@priminhos, mode:EDIT
2026-05-10 11:49:14, MOVE, v:1, k:ed@priminhos, mode:EDIT
2026-05-10 11:53:06, MOVE, v:1, k:ed@priminhos, mode:EDIT
2026-05-10 11:59:13, MOVE, v:1, k:ed@priminhos, mode:EDIT
2026-05-10 12:04:12, MOVE, v:1, k:ed@priminhos, mode:EDIT
2026-05-10 12:04:25, EXEC, v:1, k:ed@priminhos, mode:FULL, rate:25, size:35
2026-05-10 12:08:01, EXEC, v:1, k:ed@priminhos, mode:FULL, rate:0, size:35
2026-05-10 12:09:14, MOVE, v:1, k:ed@priminhos, mode:EDIT
2026-05-10 12:14:15, MOVE, v:1, k:ed@priminhos, mode:EDIT
2026-05-10 12:17:28, EXEC, v:1, k:ed@priminhos, mode:FULL, rate:100, size:44
2026-05-10 12:18:29, SELF, v:1, k:ed@priminhos, self:1, rate:100, study:50, concept:1, refactor:1
2026-05-10 12:18:31, MOVE, v:1, k:ed@priminhos, mode:BACK
2026-05-10 12:18:02, MOVE, v:1, k:ed@priminhos, mode:EDIT
2026-05-10 12:21:06, MOVE, v:1, k:ed@escada, mode:DOWN
2026-05-10 12:21:08, MOVE, v:1, k:ed@escada, mode:PICK
2026-05-10 12:21:10, EXEC, v:1, k:ed@escada, mode:FULL, rate:0, size:5
2026-05-10 12:21:06, MOVE, v:1, k:ed@escada, mode:EDIT
2026-05-10 12:21:06, MOVE, v:1, k:ed@escada, mode:EDIT
2026-05-10 12:24:03, MOVE, v:1, k:ed@escada, mode:EDIT
2026-05-10 12:28:18, EXEC, v:1, k:ed@escada, mode:FULL, rate:10, size:21
2026-05-10 12:28:15, MOVE, v:1, k:ed@escada, mode:EDIT
2026-05-10 12:30:31, EXEC, v:1, k:ed@escada, mode:FULL, rate:100, size:20
2026-05-10 12:31:10, SELF, v:1, k:ed@escada, self:1, rate:100, study:30, concept:1, refactor:1
2026-05-10 12:31:41, MOVE, v:1, k:ed@escada, mode:BACK
2026-05-10 12:32:12, MOVE, v:1, k:ed@binomiais, mode:DOWN
2026-05-10 12:32:16, MOVE, v:1, k:ed@binomiais, mode:PICK
2026-05-10 12:30:28, MOVE, v:1, k:ed@escada, mode:EDIT
2026-05-10 12:32:12, MOVE, v:1, k:ed@binomiais, mode:EDIT
2026-05-10 12:32:12, MOVE, v:1, k:ed@binomiais, mode:EDIT
2026-05-10 12:34:16, MOVE, v:1, k:ed@binomiais, mode:EDIT
2026-05-10 12:37:44, EXEC, v:1, k:ed@binomiais, mode:FULL, size:18, fail:COMP
2026-05-10 12:38:02, EXEC, v:1, k:ed@binomiais, mode:FULL, rate:0, size:18
2026-05-10 12:37:54, MOVE, v:1, k:ed@binomiais, mode:EDIT
2026-05-10 12:40:46, EXEC, v:1, k:ed@binomiais, mode:FULL, rate:100, size:18
2026-05-10 12:41:14, SELF, v:1, k:ed@binomiais, self:1, rate:100, study:30, concept:1, refactor:1
2026-05-10 12:41:15, EXEC, v:1, k:ed@binomiais, mode:FULL, rate:100
2026-05-10 12:41:18, MOVE, v:1, k:ed@binomiais, mode:BACK
2026-05-10 12:40:43, MOVE, v:1, k:ed@binomiais, mode:EDIT
2026-05-10 15:32:33, MOVE, v:1, k:ed@diagonal, mode:PICK
2026-05-10 15:32:36, EXEC, v:1, k:ed@diagonal, mode:FULL, rate:0, size:5
2026-05-10 15:32:37, EXEC, v:1, k:ed@diagonal, mode:FULL, rate:0
2026-05-10 15:33:45, MOVE, v:1, k:ed@diagonal, mode:BACK
2026-05-10 15:33:47, MOVE, v:1, k:ed@diagonal, mode:PICK
2026-05-10 15:33:48, EXEC, v:1, k:ed@diagonal, mode:FULL, rate:0
2026-05-10 15:34:01, MOVE, v:1, k:ed@diagonal, mode:BACK
2026-05-10 15:34:10, MOVE, v:1, k:ed@diagonal, mode:PICK
2026-05-10 15:34:13, MOVE, v:1, k:ed@diagonal, mode:BACK
2026-05-10 15:34:20, MOVE, v:1, k:ed@sufixos, mode:DOWN
2026-05-10 15:34:21, MOVE, v:1, k:ed@sufixos, mode:PICK
2026-05-10 15:34:20, MOVE, v:1, k:ed@sufixos, mode:EDIT
2026-05-10 15:34:20, MOVE, v:1, k:ed@sufixos, mode:EDIT
2026-05-10 15:39:02, MOVE, v:1, k:ed@sufixos, mode:EDIT
2026-05-10 15:44:05, MOVE, v:1, k:ed@sufixos, mode:EDIT
2026-05-10 15:45:18, EXEC, v:1, k:ed@sufixos, mode:FULL, rate:0, size:17
2026-05-10 15:46:23, EXEC, v:1, k:ed@sufixos, mode:FULL, rate:0, size:16
2026-05-10 15:47:05, EXEC, v:1, k:ed@sufixos, mode:FULL, rate:100, size:17
2026-05-10 15:47:27, SELF, v:1, k:ed@sufixos, self:1, rate:100, study:20, concept:1
2026-05-10 15:47:29, EXEC, v:1, k:ed@sufixos, mode:FULL, rate:100
2026-05-10 15:47:04, MOVE, v:1, k:ed@sufixos, mode:EDIT
2026-05-10 15:50:51, MOVE, v:1, k:ed@sufixos, mode:BACK
2026-05-10 15:51:18, MOVE, v:1, k:ed@padroes1, mode:DOWN
2026-05-10 15:51:36, MOVE, v:1, k:ed@padroes2, mode:DOWN
2026-05-10 15:51:37, MOVE, v:1, k:ed@padroes2, mode:PICK
2026-05-10 15:51:42, EXEC, v:1, k:ed@padroes2, mode:FULL, rate:0, size:5
2026-05-10 15:51:18, MOVE, v:1, k:ed@padroes1, mode:EDIT
2026-05-10 15:51:18, MOVE, v:1, k:ed@padroes1, mode:EDIT
2026-05-10 15:51:18, MOVE, v:1, k:ed@padroes1, mode:EDIT
2026-05-10 15:51:36, MOVE, v:1, k:ed@padroes2, mode:EDIT
2026-05-10 15:51:36, MOVE, v:1, k:ed@padroes2, mode:EDIT
2026-05-10 15:54:57, MOVE, v:1, k:ed@padroes2, mode:BACK
2026-05-10 15:55:00, MOVE, v:1, k:ed@padroes1, mode:PICK
2026-05-10 15:55:01, EXEC, v:1, k:ed@padroes1, mode:FULL, rate:0, size:5
2026-05-10 16:02:13, EXEC, v:1, k:ed@padroes1, mode:FULL, rate:100, size:15
2026-05-10 16:02:28, SELF, v:1, k:ed@padroes1, self:1, rate:100, study:10
2026-05-10 16:02:29, EXEC, v:1, k:ed@padroes1, mode:FULL, rate:100
2026-05-10 16:02:10, MOVE, v:1, k:ed@padroes1, mode:EDIT
2026-05-10 16:08:16, MOVE, v:1, k:ed@padroes1, mode:BACK
2026-05-10 16:08:34, MOVE, v:1, k:ed@padroes2, mode:PICK
2026-05-10 16:08:38, EXEC, v:1, k:ed@padroes2, mode:FULL, rate:0, size:16
2026-05-10 16:08:10, MOVE, v:1, k:ed@padroes2, mode:EDIT
2026-05-10 16:09:14, EXEC, v:1, k:ed@padroes2, mode:FULL, rate:0
2026-05-10 16:09:50, EXEC, v:1, k:ed@padroes2, mode:FULL, rate:0, size:16
2026-05-10 16:10:18, EXEC, v:1, k:ed@padroes2, mode:FULL, rate:0
2026-05-10 16:10:20, EXEC, v:1, k:ed@padroes2, mode:FREE
2026-05-10 16:13:32, MOVE, v:1, k:ed@padroes2, mode:PICK
2026-05-10 16:13:35, EXEC, v:1, k:ed@padroes2, mode:FULL, rate:0, size:16
2026-05-10 16:14:24, EXEC, v:1, k:ed@padroes2, mode:FULL, rate:0, size:16
2026-05-10 16:15:24, EXEC, v:1, k:ed@padroes2, mode:FULL, rate:0, size:16
2026-05-10 16:16:09, EXEC, v:1, k:ed@padroes2, mode:FULL, rate:100, size:16
2026-05-10 16:16:32, SELF, v:1, k:ed@padroes2, self:1, rate:100, study:30
